<?xml version="1.0" encoding="UTF-8"?>
<testng-results ignored="0" total="1" passed="1" failed="0" skipped="0">
  <reporter-output>
  </reporter-output>
  <suite started-at="2021-03-20T06:17:49 EET" name="Suite" finished-at="2021-03-20T06:18:24 EET" duration-ms="34481">
    <groups>
    </groups>
    <test started-at="2021-03-20T06:17:49 EET" name="Test" finished-at="2021-03-20T06:18:24 EET" duration-ms="34481">
      <class name="com.wixsite.arielkiell.blockchain.test.CeramicStudioShop">
        <test-method is-config="true" signature="BeforeClass()[pri:0, instance:com.wixsite.arielkiell.blockchain.test.CeramicStudioShop@36fc695d]" started-at="2021-03-20T06:17:49 EET" name="BeforeClass" finished-at="2021-03-20T06:17:49 EET" duration-ms="15" status="PASS">
          <reporter-output>
          </reporter-output>
        </test-method> <!-- BeforeClass -->
        <test-method is-config="true" signature="BeforeMethod()[pri:0, instance:com.wixsite.arielkiell.blockchain.test.CeramicStudioShop@36fc695d]" started-at="2021-03-20T06:17:49 EET" name="BeforeMethod" finished-at="2021-03-20T06:17:55 EET" duration-ms="5390" status="PASS">
          <reporter-output>
          </reporter-output>
        </test-method> <!-- BeforeMethod -->
        <test-method signature="addProductstoCart()[pri:0, instance:com.wixsite.arielkiell.blockchain.test.CeramicStudioShop@36fc695d]" started-at="2021-03-20T06:17:55 EET" name="addProductstoCart" finished-at="2021-03-20T06:18:21 EET" duration-ms="26548" status="PASS">
          <reporter-output>
          </reporter-output>
        </test-method> <!-- addProductstoCart -->
        <test-method is-config="true" signature="AfterMethod()[pri:0, instance:com.wixsite.arielkiell.blockchain.test.CeramicStudioShop@36fc695d]" started-at="2021-03-20T06:18:21 EET" name="AfterMethod" finished-at="2021-03-20T06:18:24 EET" duration-ms="2442" status="PASS">
          <reporter-output>
          </reporter-output>
        </test-method> <!-- AfterMethod -->
      </class> <!-- com.wixsite.arielkiell.blockchain.test.CeramicStudioShop -->
    </test> <!-- Test -->
  </suite> <!-- Suite -->
</testng-results>
